<?xml version="1.0" encoding="UTF-8"?>
<!-- Generated by org.testng.reporters.JUnitReportReporter -->
<testsuite hostname="EngOps-3BRQXT2" failures="0" tests="1" name="com.leaftaps.pages.LoginPage" time="7.062" errors="0" timestamp="2023-12-17T23:06:36 IST" skipped="0">
  <testcase classname="com.leaftaps.pages.LoginPage" name="loginpage" time="7.062"/>
  <system-out/>
</testsuite> <!-- com.leaftaps.pages.LoginPage -->
